Vivado Simulator v2025.1.0
Copyright 1986-2022 Xilinx, Inc. All Rights Reserved.
Copyright 2022-2025 Advanced Micro Devices, Inc. All Rights Reserved.
Running: C:/Xilinx/2025.1/Vivado/bin/unwrapped/win64.o/xelab.exe --incr --debug typical --relax --mt 2 -L xil_defaultlib -L unisims_ver -L unimacro_ver -L secureip --snapshot tb_multicycle_behav xil_defaultlib.tb_multicycle xil_defaultlib.glbl -log elaborate.log 
Using 2 slave threads.
Starting static elaboration
Pass Through NonSizing Optimizer
Completed static elaboration
Starting simulation data flow analysis
Completed simulation data flow analysis
Time Resolution for simulation is 1ps
Compiling module xil_defaultlib.control_decoder
Compiling module xil_defaultlib.program_counter
Compiling module xil_defaultlib.mux_2_32
Compiling module xil_defaultlib.instruction_memory
Compiling module xil_defaultlib.memory_data_register
Compiling module xil_defaultlib.instruction_decoder
Compiling module xil_defaultlib.mux
Compiling module xil_defaultlib.registers
Compiling module xil_defaultlib.sign_extend
Compiling module xil_defaultlib.shift_left_32
Compiling module xil_defaultlib.mux_4
Compiling module xil_defaultlib.alu_control
Compiling module xil_defaultlib.alu
Compiling module xil_defaultlib.shift_left_2
Compiling module xil_defaultlib.main
Compiling module xil_defaultlib.tb_multicycle
Compiling module xil_defaultlib.glbl
Built simulation snapshot tb_multicycle_behav
