INFO: [VRFC 10-2263] Analyzing Verilog file "C:/Users/dedip/multicycle_processor/multicycle_7_8.srcs/sources_1/new/alu.v" into library xil_defaultlib
INFO: [VRFC 10-311] analyzing module alu
INFO: [VRFC 10-2263] Analyzing Verilog file "C:/Users/dedip/multicycle_processor/multicycle_7_8.srcs/sources_1/new/alu_control.v" into library xil_defaultlib
INFO: [VRFC 10-311] analyzing module alu_control
INFO: [VRFC 10-2263] Analyzing Verilog file "C:/Users/dedip/multicycle_processor/multicycle_7_8.srcs/sources_1/new/control_decoder.v" into library xil_defaultlib
INFO: [VRFC 10-311] analyzing module control_decoder
INFO: [VRFC 10-2263] Analyzing Verilog file "C:/Users/dedip/multicycle_processor/multicycle_7_8.srcs/sources_1/new/instruction_decoder.v" into library xil_defaultlib
INFO: [VRFC 10-311] analyzing module instruction_decoder
INFO: [VRFC 10-2263] Analyzing Verilog file "C:/Users/dedip/multicycle_processor/multicycle_7_8.srcs/sources_1/new/instruction_memory.v" into library xil_defaultlib
INFO: [VRFC 10-311] analyzing module instruction_memory
INFO: [VRFC 10-2263] Analyzing Verilog file "C:/Users/dedip/multicycle_processor/multicycle_7_8.srcs/sources_1/new/main.v" into library xil_defaultlib
INFO: [VRFC 10-311] analyzing module main
INFO: [VRFC 10-2263] Analyzing Verilog file "C:/Users/dedip/multicycle_processor/multicycle_7_8.srcs/sources_1/new/memory_data_register.v" into library xil_defaultlib
INFO: [VRFC 10-311] analyzing module memory_data_register
INFO: [VRFC 10-2263] Analyzing Verilog file "C:/Users/dedip/multicycle_processor/multicycle_7_8.srcs/sources_1/new/mux.v" into library xil_defaultlib
INFO: [VRFC 10-311] analyzing module mux
INFO: [VRFC 10-2263] Analyzing Verilog file "C:/Users/dedip/multicycle_processor/multicycle_7_8.srcs/sources_1/new/mux_2_32.v" into library xil_defaultlib
INFO: [VRFC 10-311] analyzing module mux_2_32
INFO: [VRFC 10-2263] Analyzing Verilog file "C:/Users/dedip/multicycle_processor/multicycle_7_8.srcs/sources_1/new/mux_4.v" into library xil_defaultlib
INFO: [VRFC 10-311] analyzing module mux_4
INFO: [VRFC 10-2263] Analyzing Verilog file "C:/Users/dedip/multicycle_processor/multicycle_7_8.srcs/sources_1/new/program_counter.v" into library xil_defaultlib
INFO: [VRFC 10-311] analyzing module program_counter
INFO: [VRFC 10-2263] Analyzing Verilog file "C:/Users/dedip/multicycle_processor/multicycle_7_8.srcs/sources_1/new/registers.v" into library xil_defaultlib
INFO: [VRFC 10-311] analyzing module registers
INFO: [VRFC 10-2263] Analyzing Verilog file "C:/Users/dedip/multicycle_processor/multicycle_7_8.srcs/sources_1/new/shift_left_2.v" into library xil_defaultlib
INFO: [VRFC 10-311] analyzing module shift_left_2
INFO: [VRFC 10-2263] Analyzing Verilog file "C:/Users/dedip/multicycle_processor/multicycle_7_8.srcs/sources_1/new/shift_left_32.v" into library xil_defaultlib
INFO: [VRFC 10-311] analyzing module shift_left_32
INFO: [VRFC 10-2263] Analyzing Verilog file "C:/Users/dedip/multicycle_processor/multicycle_7_8.srcs/sources_1/new/sign_extend.v" into library xil_defaultlib
INFO: [VRFC 10-311] analyzing module sign_extend
INFO: [VRFC 10-2263] Analyzing Verilog file "C:/Users/dedip/multicycle_processor/multicycle_7_8.srcs/sim_1/new/tb_multicycle.v" into library xil_defaultlib
INFO: [VRFC 10-311] analyzing module tb_multicycle
