Vivado Simulator 2017.1
Copyright 1986-1999, 2001-2016 Xilinx, Inc. All Rights Reserved.
Running: /home/Xilinx_2017/Vivado/2017.1/bin/unwrapped/lnx64.o/xelab -wto 33398569f78649cf90a6346990c7a48d --debug typical --relax --mt 8 -L xil_defaultlib -L unisims_ver -L unimacro_ver -L secureip --snapshot tb_multicycle_behav xil_defaultlib.tb_multicycle xil_defaultlib.glbl -log elaborate.log 
Using 8 slave threads.
Starting static elaboration
WARNING: [VRFC 10-278] actual bit length 1 differs from formal bit length 32 for port i3 [/home/26CAP1G2/Desktop/multicycle_7_8/multicycle_7_8.srcs/sources_1/new/main.v:107]
Completed static elaboration
Starting simulation data flow analysis
Completed simulation data flow analysis
Time Resolution for simulation is 1ps
Compiling module xil_defaultlib.control_decoder
Compiling module xil_defaultlib.program_counter
Compiling module xil_defaultlib.mux_2_32
Compiling module xil_defaultlib.instruction_memory
Compiling module xil_defaultlib.memory_data_register
Compiling module xil_defaultlib.instruction_decoder
Compiling module xil_defaultlib.mux
Compiling module xil_defaultlib.registers
Compiling module xil_defaultlib.mux_4
Compiling module xil_defaultlib.alu_control
Compiling module xil_defaultlib.alu
Compiling module xil_defaultlib.shift_left_2
Compiling module xil_defaultlib.sign_extend
Compiling module xil_defaultlib.shift_left_32
Compiling module xil_defaultlib.main
Compiling module xil_defaultlib.tb_multicycle
Compiling module xil_defaultlib.glbl
Built simulation snapshot tb_multicycle_behav
